<?xml version="1.0" encoding="UTF-8"?>
<!-- Generated by org.testng.reporters.JUnitReportReporter -->
<testsuite skipped="0" hostname="DESKTOP-5E79NDD" name="Test_App.Parameterization_Gmail" tests="1" failures="0" timestamp="29 Sep 2017 12:40:29 GMT" time="4.844" errors="0">
  <testcase name="ParameterGmailTest" time="4.844" classname="Test_App.Parameterization_Gmail"/>
</testsuite> <!-- Test_App.Parameterization_Gmail -->
