<?xml version="1.0" encoding="UTF-8"?>
<!-- Generated by org.testng.reporters.JUnitReportReporter -->
<testsuite skipped="0" hostname="DESKTOP-5E79NDD" name="Test_App.TakeScreenshot" tests="1" failures="0" timestamp="04 Oct 2017 18:38:58 GMT" time="26.997" errors="0">
  <testcase name="beforeTest" time="26.997" classname="Test_App.TakeScreenshot"/>
</testsuite> <!-- Test_App.TakeScreenshot -->
