<?xml version="1.0" encoding="UTF-8"?>
<!-- Generated by org.testng.reporters.JUnitReportReporter -->
<testsuite skipped="0" hostname="DESKTOP-5E79NDD" name="Test_App.ParameterWithTestNGXML" tests="1" failures="0" timestamp="29 Sep 2017 12:19:13 GMT" time="11.251" errors="0">
  <testcase name="testParameterWithXML" time="11.251" classname="Test_App.ParameterWithTestNGXML"/>
</testsuite> <!-- Test_App.ParameterWithTestNGXML -->
