<?xml version="1.0" encoding="UTF-8"?>
<!-- Generated by org.testng.reporters.JUnitReportReporter -->
<testsuite skipped="0" hostname="DESKTOP-5E79NDD" name="Test_App.NewTest" tests="1" failures="0" timestamp="27 Sep 2017 19:49:27 GMT" time="5.954" errors="0">
  <testcase name="f" time="5.954" classname="Test_App.NewTest"/>
</testsuite> <!-- Test_App.NewTest -->
