<?xml version="1.0" encoding="UTF-8"?>
<!-- Generated by org.testng.reporters.JUnitReportReporter -->
<testsuite skipped="0" hostname="DESKTOP-5E79NDD" name="Test_App.DynamicTableTest" tests="1" failures="0" timestamp="03 Oct 2017 10:57:04 GMT" time="2.182" errors="0">
  <testcase name="DynamicTableTest" time="2.182" classname="Test_App.DynamicTableTest"/>
</testsuite> <!-- Test_App.DynamicTableTest -->
