<?xml version="1.0" encoding="UTF-8"?>
<!-- Generated by org.testng.reporters.JUnitReportReporter -->
<testsuite skipped="0" hostname="DESKTOP-5E79NDD" name="Test_App.SessionHandling" tests="2" failures="0" timestamp="05 Oct 2017 09:04:47 GMT" time="17.906" errors="0">
  <testcase name="f" time="8.567" classname="Test_App.SessionHandling"/>
  <testcase name="SecondFn" time="9.339" classname="Test_App.SessionHandling"/>
</testsuite> <!-- Test_App.SessionHandling -->
