<?xml version="1.0" encoding="UTF-8"?>
<!-- Generated by org.testng.reporters.JUnitReportReporter -->
<testsuite skipped="0" hostname="DESKTOP-5E79NDD" name="Test_App.TestAlert_Popups" tests="1" failures="0" timestamp="29 Sep 2017 08:51:06 GMT" time="9.317" errors="0">
  <testcase name="f" time="9.317" classname="Test_App.TestAlert_Popups"/>
</testsuite> <!-- Test_App.TestAlert_Popups -->
