<?xml version="1.0" encoding="UTF-8"?>
<!-- Generated by org.testng.reporters.JUnitReportReporter -->
<testsuite skipped="0" hostname="DESKTOP-5E79NDD" name="pageobjectmodel.POMTest" tests="1" failures="0" timestamp="03 Oct 2017 17:56:19 GMT" time="0.086" errors="0">
  <testcase name="f" time="0.086" classname="pageobjectmodel.POMTest"/>
</testsuite> <!-- pageobjectmodel.POMTest -->
