<?xml version="1.0" encoding="UTF-8"?>
<!-- Generated by org.testng.reporters.JUnitReportReporter -->
<testsuite skipped="0" hostname="DESKTOP-5E79NDD" name="Test_App.ParameterizationWithDataProvider" tests="4" failures="0" timestamp="03 Oct 2017 09:34:40 GMT" time="9.699" errors="0">
  <testcase name="facebookTest" time="2.355" classname="Test_App.ParameterizationWithDataProvider"/>
  <testcase name="facebookTest" time="2.315" classname="Test_App.ParameterizationWithDataProvider"/>
  <testcase name="facebookTest" time="2.699" classname="Test_App.ParameterizationWithDataProvider"/>
  <testcase name="facebookTest" time="2.330" classname="Test_App.ParameterizationWithDataProvider"/>
</testsuite> <!-- Test_App.ParameterizationWithDataProvider -->
