<?xml version="1.0" encoding="UTF-8"?>
<!-- Generated by org.testng.reporters.JUnitReportReporter -->
<testsuite skipped="0" hostname="DESKTOP-5E79NDD" name="Test_App.ParameterWithDataProviderMethod" tests="4" failures="0" timestamp="03 Oct 2017 09:52:33 GMT" time="21.693" errors="0">
  <testcase name="GTest" time="1.727" classname="Test_App.ParameterWithDataProviderMethod"/>
  <testcase name="FBTest" time="3.338" classname="Test_App.ParameterWithDataProviderMethod"/>
  <testcase name="FBTest" time="12.296" classname="Test_App.ParameterWithDataProviderMethod"/>
  <testcase name="GTest" time="4.332" classname="Test_App.ParameterWithDataProviderMethod"/>
</testsuite> <!-- Test_App.ParameterWithDataProviderMethod -->
