<?xml version="1.0" encoding="UTF-8"?>
<!-- Generated by org.testng.reporters.JUnitReportReporter -->
<testsuite skipped="0" hostname="DESKTOP-5E79NDD" name="Test_App.ParameterizationWithDataProvider" tests="4" failures="0" timestamp="27 Oct 2017 20:33:12 GMT" time="9.710" errors="0">
  <testcase name="facebookTest" time="2.429" classname="Test_App.ParameterizationWithDataProvider"/>
  <testcase name="facebookTest" time="2.545" classname="Test_App.ParameterizationWithDataProvider"/>
  <testcase name="facebookTest" time="2.392" classname="Test_App.ParameterizationWithDataProvider"/>
  <testcase name="facebookTest" time="2.344" classname="Test_App.ParameterizationWithDataProvider"/>
</testsuite> <!-- Test_App.ParameterizationWithDataProvider -->
