<?xml version="1.0" encoding="UTF-8"?>
<!-- Generated by org.testng.reporters.JUnitReportReporter -->
<testsuite skipped="0" hostname="DESKTOP-5E79NDD" name="Test_App.CrossBrowserTesting" tests="3" failures="0" timestamp="04 Oct 2017 09:42:16 GMT" time="17.365" errors="0">
  <testcase name="CrossBrowserTest" time="8.879" classname="Test_App.CrossBrowserTesting"/>
  <testcase name="CrossBrowserTest" time="5.218" classname="Test_App.CrossBrowserTesting"/>
  <testcase name="CrossBrowserTest" time="3.268" classname="Test_App.CrossBrowserTesting"/>
</testsuite> <!-- Test_App.CrossBrowserTesting -->
