<?xml version="1.0" encoding="UTF-8"?>
<!-- Generated by org.testng.reporters.JUnitReportReporter -->
<testsuite skipped="0" hostname="DESKTOP-5E79NDD" name="Test_App.MetTest2_Upload" tests="1" failures="0" timestamp="28 Sep 2017 12:24:58 GMT" time="2.076" errors="0">
  <testcase name="f" time="2.076" classname="Test_App.MetTest2_Upload"/>
</testsuite> <!-- Test_App.MetTest2_Upload -->
