<?xml version="1.0" encoding="UTF-8"?>
<!-- Generated by org.testng.reporters.JUnitReportReporter -->
<testsuite skipped="0" hostname="DESKTOP-5E79NDD" name="Test_App.ExplicitWaitTest" tests="1" failures="0" timestamp="29 Sep 2017 09:24:42 GMT" time="0.006" errors="0">
  <testcase name="f" time="0.006" classname="Test_App.ExplicitWaitTest"/>
</testsuite> <!-- Test_App.ExplicitWaitTest -->
