<?xml version="1.0" encoding="UTF-8"?>
<!-- Generated by org.testng.reporters.JUnitReportReporter -->
<testsuite skipped="0" hostname="DESKTOP-5E79NDD" name="Test_App.TestAlert_Popups" tests="1" failures="0" timestamp="02 Oct 2017 18:16:08 GMT" time="9.295" errors="0">
  <testcase name="f" time="9.295" classname="Test_App.TestAlert_Popups"/>
</testsuite> <!-- Test_App.TestAlert_Popups -->
