<?xml version="1.0" encoding="UTF-8"?>
<!-- Generated by org.testng.reporters.JUnitReportReporter -->
<testsuite skipped="0" hostname="DESKTOP-5E79NDD" name="Test_App.TestPractice1" tests="1" failures="0" timestamp="02 Oct 2017 18:16:08 GMT" time="0.001" errors="0">
  <testcase name="Initialization" time="0.001" classname="Test_App.TestPractice1"/>
</testsuite> <!-- Test_App.TestPractice1 -->
